<?xml version="1.0" encoding="UTF-8"?>
<testsuites name="bun test" tests="995" assertions="1226" failures="383" skipped="0" time="3.788425">
  <testsuite name="src/routers/loaders.test.ts" tests="4" assertions="8" failures="0" skipped="0" time="0.001" hostname="Tylers-MacBook-Pro.local">
    <testcase name="redirects root route to day route with today&apos;s date" classname="loadRootData" time="0.001395" file="src/routers/loaders.test.ts" assertions="2" />
    <testcase name="preserves auth query params when redirecting to today&apos;s date" classname="loadRootData" time="0.00055" file="src/routers/loaders.test.ts" assertions="2" />
    <testcase name="preserves auth query params when redirecting to the dated route" classname="loadDayData" time="0.000044" file="src/routers/loaders.test.ts" assertions="2" />
    <testcase name="preserves verify auth query params when redirecting to the dated route" classname="loadDayData" time="0.000053" file="src/routers/loaders.test.ts" assertions="2" />
  </testsuite>
  <testsuite name="src/store/events.test.ts" tests="3" assertions="13" failures="0" skipped="0" time="0.001" hostname="Tylers-MacBook-Pro.local">
    <testcase name="should set and reset draft" classname="Draft &amp;gt; events store" time="0.001125" file="src/store/events.test.ts" assertions="3" />
    <testcase name="should set and reset active event" classname="Active Event &amp;gt; events store" time="0.000323" file="src/store/events.test.ts" assertions="6" />
    <testcase name="should update event and reflect in observables" classname="Events &amp;gt; events store" time="0.000563" file="src/store/events.test.ts" assertions="4" />
  </testsuite>
  <testsuite name="src/sse/provider/SSEProvider.interaction.test.tsx" tests="6" assertions="9" failures="0" skipped="0" time="0.009" hostname="Tylers-MacBook-Pro.local">
    <testcase name="does not trigger a client-side import when USER_METADATA reports RESTART" classname="useGcalSSE" time="0.005795" file="src/sse/provider/SSEProvider.interaction.test.tsx" assertions="1" />
    <testcase name="stores IMPORTING metadata without starting another import" classname="useGcalSSE" time="0.000415" file="src/sse/provider/SSEProvider.interaction.test.tsx" assertions="1" />
    <testcase name="sets the syncing override when IMPORT_GCAL_START arrives" classname="useGcalSSE" time="0.001977" file="src/sse/provider/SSEProvider.interaction.test.tsx" assertions="1" />
    <testcase name="clears the syncing override and triggers refetch after REPAIR completion" classname="useGcalSSE" time="0.00168" file="src/sse/provider/SSEProvider.interaction.test.tsx" assertions="2" />
    <testcase name="clears the syncing override and shows the repair toast after REPAIR failure" classname="useGcalSSE" time="0.001452" file="src/sse/provider/SSEProvider.interaction.test.tsx" assertions="2" />
    <testcase name="clears the syncing override when Google is revoked" classname="useGcalSSE" time="0.001409" file="src/sse/provider/SSEProvider.interaction.test.tsx" assertions="2" />
  </testsuite>
  <testsuite name="src/sse/provider/SSEProvider.test.tsx" tests="1" assertions="2" failures="0" skipped="0" time="0.002" hostname="Tylers-MacBook-Pro.local">
    <testcase name="keeps the SSE stream open while authenticated even before the user id loads" classname="SSEProvider" time="0.002291" file="src/sse/provider/SSEProvider.test.tsx" assertions="2" />
  </testsuite>
  <testsuite name="src/auth/posthog/useIdentifyUser.test.ts" tests="5" assertions="10" failures="0" skipped="0" time="0.005" hostname="Tylers-MacBook-Pro.local">
    <testcase name="calls posthog.identify when PostHog is enabled and user data is available" classname="useIdentifyUser" time="0.001511" file="src/auth/posthog/useIdentifyUser.test.ts" assertions="2" />
    <testcase name="does not call posthog.identify when PostHog is disabled" classname="useIdentifyUser" time="0.001366" file="src/auth/posthog/useIdentifyUser.test.ts" assertions="2" />
    <testcase name="does not call posthog.identify when email is null" classname="useIdentifyUser" time="0.001301" file="src/auth/posthog/useIdentifyUser.test.ts" assertions="2" />
    <testcase name="does not call posthog.identify when userId is null" classname="useIdentifyUser" time="0.001298" file="src/auth/posthog/useIdentifyUser.test.ts" assertions="2" />
    <testcase name="handles posthog.identify not being a function gracefully" classname="useIdentifyUser" time="0.001296" file="src/auth/posthog/useIdentifyUser.test.ts" assertions="2" />
  </testsuite>
  <testsuite name="src/components/Tooltip/TooltipWrapper.test.tsx" tests="7" assertions="8" failures="0" skipped="0" time="0.654" hostname="Tylers-MacBook-Pro.local">
    <testcase name="renders children" classname="TooltipWrapper" time="0.007403" file="src/components/Tooltip/TooltipWrapper.test.tsx" assertions="1" />
    <testcase name="shows description when provided" classname="TooltipWrapper" time="0.161878" file="src/components/Tooltip/TooltipWrapper.test.tsx" assertions="1" />
    <testcase name="shows shortcut when string shortcut provided" classname="TooltipWrapper" time="0.15946" file="src/components/Tooltip/TooltipWrapper.test.tsx" assertions="1" />
    <testcase name="shows shortcut when ReactNode shortcut provided" classname="TooltipWrapper" time="0.162616" file="src/components/Tooltip/TooltipWrapper.test.tsx" assertions="1" />
    <testcase name="calls onClick when tooltip trigger is clicked" classname="TooltipWrapper" time="0.002962" file="src/components/Tooltip/TooltipWrapper.test.tsx" assertions="1" />
    <testcase name="does not call onClick when disabled" classname="TooltipWrapper" time="0.001818" file="src/components/Tooltip/TooltipWrapper.test.tsx" assertions="1" />
    <testcase name="does not render tooltip content until opened" classname="TooltipWrapper" time="0.162097" file="src/components/Tooltip/TooltipWrapper.test.tsx" assertions="2" />
  </testsuite>
  <testsuite name="src/components/SelectView/SelectView.test.tsx" tests="29" assertions="72" failures="0" skipped="0" time="0.277" hostname="Tylers-MacBook-Pro.local">
    <testcase name="renders button with current view label for Week view" classname="Component Rendering &amp;gt; SelectView" time="0.005424" file="src/components/SelectView/SelectView.test.tsx" assertions="3" />
    <testcase name="renders button with current view label for Now view" classname="Component Rendering &amp;gt; SelectView" time="0.001687" file="src/components/SelectView/SelectView.test.tsx" assertions="2" />
    <testcase name="renders button with current view label for Day view" classname="Component Rendering &amp;gt; SelectView" time="0.001444" file="src/components/SelectView/SelectView.test.tsx" assertions="2" />
    <testcase name="renders button with current view label for Day view with date param" classname="Component Rendering &amp;gt; SelectView" time="0.001688" file="src/components/SelectView/SelectView.test.tsx" assertions="2" />
    <testcase name="renders all three options with shortcut hints when dropdown is open" classname="Component Rendering &amp;gt; SelectView" time="0.015822" file="src/components/SelectView/SelectView.test.tsx" assertions="8" />
    <testcase name="detects Now view when on /now route" classname="Route Detection &amp;gt; SelectView" time="0.001203" file="src/components/SelectView/SelectView.test.tsx" assertions="1" />
    <testcase name="detects Day view when on /day route" classname="Route Detection &amp;gt; SelectView" time="0.00105" file="src/components/SelectView/SelectView.test.tsx" assertions="1" />
    <testcase name="detects Day view when on /day/:date route" classname="Route Detection &amp;gt; SelectView" time="0.00096" file="src/components/SelectView/SelectView.test.tsx" assertions="1" />
    <testcase name="detects Week view when on /week route" classname="Route Detection &amp;gt; SelectView" time="0.000749" file="src/components/SelectView/SelectView.test.tsx" assertions="1" />
    <testcase name="defaults to Week view for unknown routes" classname="Route Detection &amp;gt; SelectView" time="0.000806" file="src/components/SelectView/SelectView.test.tsx" assertions="1" />
    <testcase name="opens dropdown when button is clicked" classname="Dropdown Behavior &amp;gt; SelectView" time="0.011783" file="src/components/SelectView/SelectView.test.tsx" assertions="3" />
    <testcase name="closes dropdown when clicking outside" classname="Dropdown Behavior &amp;gt; SelectView" time="0.018458" file="src/components/SelectView/SelectView.test.tsx" assertions="3" />
    <testcase name="closes dropdown when ESC key is pressed" classname="Dropdown Behavior &amp;gt; SelectView" time="0.016223" file="src/components/SelectView/SelectView.test.tsx" assertions="4" />
    <testcase name="highlights active view option in dropdown" classname="Dropdown Behavior &amp;gt; SelectView" time="0.009924" file="src/components/SelectView/SelectView.test.tsx" assertions="4" />
    <testcase name="uses div elements for options instead of buttons" classname="Dropdown Behavior &amp;gt; SelectView" time="0.010316" file="src/components/SelectView/SelectView.test.tsx" assertions="3" />
    <testcase name="navigates to Now route when Now option is clicked" classname="User Interactions &amp;gt; SelectView" time="0.015994" file="src/components/SelectView/SelectView.test.tsx" assertions="3" />
    <testcase name="navigates to Day route when Day option is clicked" classname="User Interactions &amp;gt; SelectView" time="0.014434" file="src/components/SelectView/SelectView.test.tsx" assertions="3" />
    <testcase name="navigates to Week route when Week option is clicked" classname="User Interactions &amp;gt; SelectView" time="0.014963" file="src/components/SelectView/SelectView.test.tsx" assertions="3" />
    <testcase name="closes dropdown after option selection" classname="User Interactions &amp;gt; SelectView" time="0.018158" file="src/components/SelectView/SelectView.test.tsx" assertions="3" />
    <testcase name="displays n shortcut hint for Now option" classname="Shortcut Hints &amp;gt; SelectView" time="0.008885" file="src/components/SelectView/SelectView.test.tsx" assertions="1" />
    <testcase name="displays d shortcut hint for Day option" classname="Shortcut Hints &amp;gt; SelectView" time="0.008378" file="src/components/SelectView/SelectView.test.tsx" assertions="1" />
    <testcase name="displays w shortcut hint for Week option" classname="Shortcut Hints &amp;gt; SelectView" time="0.007709" file="src/components/SelectView/SelectView.test.tsx" assertions="1" />
    <testcase name="navigates to next option with ArrowDown" classname="Keyboard Navigation &amp;gt; SelectView" time="0.013894" file="src/components/SelectView/SelectView.test.tsx" assertions="2" />
    <testcase name="navigates to previous option with ArrowUp" classname="Keyboard Navigation &amp;gt; SelectView" time="0.014005" file="src/components/SelectView/SelectView.test.tsx" assertions="2" />
    <testcase name="selects highlighted option with Enter key" classname="Keyboard Navigation &amp;gt; SelectView" time="0.023953" file="src/components/SelectView/SelectView.test.tsx" assertions="4" />
    <testcase name="selects highlighted option with Space key" classname="Keyboard Navigation &amp;gt; SelectView" time="0.016929" file="src/components/SelectView/SelectView.test.tsx" assertions="2" />
    <testcase name="initializes highlight to current view when dropdown opens" classname="Keyboard Navigation &amp;gt; SelectView" time="0.013199" file="src/components/SelectView/SelectView.test.tsx" assertions="4" />
    <testcase name="wraps navigation from last to first option" classname="Keyboard Navigation &amp;gt; SelectView" time="0.012858" file="src/components/SelectView/SelectView.test.tsx" assertions="2" />
    <testcase name="wraps navigation from first to last option" classname="Keyboard Navigation &amp;gt; SelectView" time="0.013912" file="src/components/SelectView/SelectView.test.tsx" assertions="2" />
  </testsuite>
  <testsuite name="src/components/DND/DNDContext.test.tsx" tests="5" assertions="11" failures="0" skipped="0" time="0" hostname="Tylers-MacBook-Pro.local">
    <testcase name="renders children wrapped in DndContext" classname="DNDContext" time="0.000528" file="src/components/DND/DNDContext.test.tsx" assertions="2" />
    <testcase name="calls togglePointerMovementTracking(true) and isDraggingEvent$.next(true) on activation" classname="DNDContext" time="0.000069" file="src/components/DND/DNDContext.test.tsx" assertions="3" />
    <testcase name="calls togglePointerMovementTracking(false) and isDraggingEvent$.next(false) on deactivation via onDragEnd" classname="DNDContext" time="0.000228" file="src/components/DND/DNDContext.test.tsx" assertions="2" />
    <testcase name="calls togglePointerMovementTracking(false) and isDraggingEvent$.next(false) on deactivation via onDragCancel" classname="DNDContext" time="0.000013" file="src/components/DND/DNDContext.test.tsx" assertions="2" />
    <testcase name="calls togglePointerMovementTracking(false) and isDraggingEvent$.next(false) on deactivation via onDragAbort" classname="DNDContext" time="0.000012" file="src/components/DND/DNDContext.test.tsx" assertions="2" />
  </testsuite>
  <testsuite name="src/components/DND/DNDOverlay.test.tsx" tests="4" assertions="4" failures="0" skipped="0" time="0" hostname="Tylers-MacBook-Pro.local">
    <testcase name="renders nothing when no active item" classname="DNDOverlay" time="0.000406" file="src/components/DND/DNDOverlay.test.tsx" assertions="1" />
    <testcase name="renders AgendaEvent when dragging TIMED event" classname="DNDOverlay" time="0.000125" file="src/components/DND/DNDOverlay.test.tsx" assertions="1" />
    <testcase name="renders AllDayAgendaEvent when dragging ALLDAY event" classname="DNDOverlay" time="0.000008" file="src/components/DND/DNDOverlay.test.tsx" assertions="1" />
    <testcase name="renders children for unknown types" classname="DNDOverlay" time="0.000109" file="src/components/DND/DNDOverlay.test.tsx" assertions="1" />
  </testsuite>
  <testsuite name="src/components/DND/Droppable.test.tsx" tests="1" assertions="1" failures="0" skipped="0" time="0" hostname="Tylers-MacBook-Pro.local">
    <testcase name="renders children correctly" classname="Droppable" time="0.000119" file="src/components/DND/Droppable.test.tsx" assertions="1" />
  </testsuite>
  <testsuite name="src/components/DND/Draggable.test.tsx" tests="4" assertions="6" failures="0" skipped="0" time="0" hostname="Tylers-MacBook-Pro.local">
    <testcase name="renders children correctly" classname="Draggable" time="0.000699" file="src/components/DND/Draggable.test.tsx" assertions="1" />
    <testcase name="applies dnd attributes and listeners" classname="Draggable" time="0.00019" file="src/components/DND/Draggable.test.tsx" assertions="1" />
    <testcase name="applies transform style when dragging" classname="Draggable" time="0.000686" file="src/components/DND/Draggable.test.tsx" assertions="1" />
    <testcase name="updates disabled prop correctly when it changes" classname="Draggable" time="0.000171" file="src/components/DND/Draggable.test.tsx" assertions="3" />
  </testsuite>
  <testsuite name="src/components/DND/Resizable.test.tsx" tests="2" assertions="2" failures="0" skipped="0" time="0" hostname="Tylers-MacBook-Pro.local">
    <testcase name="calls togglePointerMovementTracking with true on resize start" classname="Resizable" time="0.000601" file="src/components/DND/Resizable.test.tsx" assertions="1" />
    <testcase name="calls togglePointerMovementTracking with false on resize stop" classname="Resizable" time="0.000253" file="src/components/DND/Resizable.test.tsx" assertions="1" />
  </testsuite>
  <testsuite name="src/components/AuthenticatedLayout/AuthenticatedLayout.test.tsx" tests="2" assertions="4" failures="0" skipped="0" time="0.001" hostname="Tylers-MacBook-Pro.local">
    <testcase name="should render child routes via Outlet" classname="AuthenticatedLayout" time="0.001254" file="src/components/AuthenticatedLayout/AuthenticatedLayout.test.tsx" assertions="2" />
    <testcase name="should render nested routes correctly" classname="AuthenticatedLayout" time="0.000199" file="src/components/AuthenticatedLayout/AuthenticatedLayout.test.tsx" assertions="2" />
  </testsuite>
  <testsuite name="src/components/MobileGate/MobileGate.test.tsx" tests="6" assertions="9" failures="0" skipped="0" time="0.005" hostname="Tylers-MacBook-Pro.local">
    <testcase name="renders the title message" classname="Component Rendering &amp;gt; MobileGate" time="0.000318" file="src/components/MobileGate/MobileGate.test.tsx" assertions="1" />
    <testcase name="renders the descriptive message" classname="Component Rendering &amp;gt; MobileGate" time="0.000117" file="src/components/MobileGate/MobileGate.test.tsx" assertions="1" />
    <testcase name="renders the Join Mobile Waitlist button" classname="Component Rendering &amp;gt; MobileGate" time="0.000128" file="src/components/MobileGate/MobileGate.test.tsx" assertions="1" />
    <testcase name="opens waitlist URL in new tab when clicked" classname="Waitlist Button Behavior &amp;gt; MobileGate" time="0.005744" file="src/components/MobileGate/MobileGate.test.tsx" assertions="2" />
    <testcase name="has proper button role" classname="Accessibility &amp;gt; MobileGate" time="0.000236" file="src/components/MobileGate/MobileGate.test.tsx" assertions="2" />
    <testcase name="renders heading for the title" classname="Accessibility &amp;gt; MobileGate" time="0.000062" file="src/components/MobileGate/MobileGate.test.tsx" assertions="2" />
  </testsuite>
  <testsuite name="src/components/ContextMenu/ContextMenuItems.test.tsx" tests="7" assertions="16" failures="0" skipped="0" time="0.051" hostname="Tylers-MacBook-Pro.local">
    <testcase name="should render menu items for non-pending event" classname="ContextMenuItems" time="0.009969" file="src/components/ContextMenu/ContextMenuItems.test.tsx" assertions="3" />
    <testcase name="should call onClick handlers for non-pending event" classname="ContextMenuItems" time="0.014522" file="src/components/ContextMenu/ContextMenuItems.test.tsx" assertions="3" />
    <testcase name="should disable delete action for pending event" classname="ContextMenuItems" time="0.007803" file="src/components/ContextMenu/ContextMenuItems.test.tsx" assertions="2" />
    <testcase name="should disable edit action for pending event" classname="ContextMenuItems" time="0.007582" file="src/components/ContextMenu/ContextMenuItems.test.tsx" assertions="3" />
    <testcase name="should disable duplicate action for pending event" classname="ContextMenuItems" time="0.00716" file="src/components/ContextMenu/ContextMenuItems.test.tsx" assertions="2" />
    <testcase name="should apply wait cursor to delete button when pending" classname="ContextMenuItems" time="0.001488" file="src/components/ContextMenu/ContextMenuItems.test.tsx" assertions="1" />
    <testcase name="should allow actions for non-pending event when other events are pending" classname="ContextMenuItems" time="0.006569" file="src/components/ContextMenu/ContextMenuItems.test.tsx" assertions="2" />
  </testsuite>
  <testsuite name="src/components/HeaderInfoIcon/HeaderInfoIcon.test.tsx" tests="4" assertions="17" failures="0" skipped="0" time="0.012" hostname="Tylers-MacBook-Pro.local">
    <testcase name="renders the anonymous sign-up warning dot and opens sign up when clicked" classname="HeaderInfoIcon" time="0.006752" file="src/components/HeaderInfoIcon/HeaderInfoIcon.test.tsx" assertions="5" />
    <testcase name="falls back to the existing Google status when the prompt is inactive" classname="HeaderInfoIcon" time="0.005767" file="src/components/HeaderInfoIcon/HeaderInfoIcon.test.tsx" assertions="4" />
    <testcase name="renders the background import spinner instead of the info icon while importing" classname="HeaderInfoIcon" time="0.00133" file="src/components/HeaderInfoIcon/HeaderInfoIcon.test.tsx" assertions="4" />
    <testcase name="renders the repairing spinner instead of the warning icon while repairing" classname="HeaderInfoIcon" time="0.000553" file="src/components/HeaderInfoIcon/HeaderInfoIcon.test.tsx" assertions="4" />
  </testsuite>
  <testsuite name="src/components/SyncEventsOverlay/SyncEventsOverlay.test.tsx" tests="3" assertions="9" failures="0" skipped="0" time="0" hostname="Tylers-MacBook-Pro.local">
    <testcase name="renders nothing when not authenticating" classname="SyncEventsOverlay" time="0.000215" file="src/components/SyncEventsOverlay/SyncEventsOverlay.test.tsx" assertions="2" />
    <testcase name="renders OAuth message when authenticating" classname="SyncEventsOverlay" time="0.00025" file="src/components/SyncEventsOverlay/SyncEventsOverlay.test.tsx" assertions="3" />
    <testcase name="unlocks app when authentication completes" classname="SyncEventsOverlay" time="0.000231" file="src/components/SyncEventsOverlay/SyncEventsOverlay.test.tsx" assertions="4" />
  </testsuite>
  <testsuite name="src/components/AuthModal/AuthModal.test.tsx" tests="34" assertions="95" failures="0" skipped="0" time="0.887" hostname="Tylers-MacBook-Pro.local">
    <testcase name="opens modal when triggered" classname="Modal Open/Close &amp;gt; AuthModal" time="0.011559" file="src/components/AuthModal/AuthModal.test.tsx" assertions="2" />
    <testcase name="closes modal when backdrop is clicked" classname="Modal Open/Close &amp;gt; AuthModal" time="0.016181" file="src/components/AuthModal/AuthModal.test.tsx" assertions="3" />
    <testcase name="closes modal when Escape key is pressed" classname="Modal Open/Close &amp;gt; AuthModal" time="0.01486" file="src/components/AuthModal/AuthModal.test.tsx" assertions="2" />
    <testcase name="shows sign up when on sign in form" classname="Auth view switching &amp;gt; AuthModal" time="0.009317" file="src/components/AuthModal/AuthModal.test.tsx" assertions="1" />
    <testcase name="switches to Sign Up form when switch is clicked" classname="Auth view switching &amp;gt; AuthModal" time="0.018198" file="src/components/AuthModal/AuthModal.test.tsx" assertions="3" />
    <testcase name="shows Name field only on Sign Up form" classname="Auth view switching &amp;gt; AuthModal" time="0.018236" file="src/components/AuthModal/AuthModal.test.tsx" assertions="3" />
    <testcase name="renders email and password fields" classname="Login Form &amp;gt; AuthModal" time="0.008917" file="src/components/AuthModal/AuthModal.test.tsx" assertions="2" />
    <testcase name="renders submit button" classname="Login Form &amp;gt; AuthModal" time="0.009978" file="src/components/AuthModal/AuthModal.test.tsx" assertions="2" />
    <testcase name="shows email error on blur with invalid email" classname="Login Form &amp;gt; AuthModal" time="0.045462" file="src/components/AuthModal/AuthModal.test.tsx" assertions="2" />
    <testcase name="navigates to forgot password when link is clicked" classname="Login Form &amp;gt; AuthModal" time="0.017638" file="src/components/AuthModal/AuthModal.test.tsx" assertions="2" />
    <testcase name="does not await Google import after email/password login" classname="Login Form &amp;gt; AuthModal" time="0.071708" file="src/components/AuthModal/AuthModal.test.tsx" assertions="3" />
    <testcase name="renders name, email, and password fields" classname="Sign Up Form &amp;gt; AuthModal" time="0.018052" file="src/components/AuthModal/AuthModal.test.tsx" assertions="4" />
    <testcase name="shows password error for short password" classname="Sign Up Form &amp;gt; AuthModal" time="0.037842" file="src/components/AuthModal/AuthModal.test.tsx" assertions="3" />
    <testcase name="updates greeting when user types name" classname="Sign Up Form &amp;gt; AuthModal" time="0.033141" file="src/components/AuthModal/AuthModal.test.tsx" assertions="3" />
    <testcase name="does not await Google import after email/password signup" classname="Sign Up Form &amp;gt; AuthModal" time="0.092284" file="src/components/AuthModal/AuthModal.test.tsx" assertions="6" />
    <testcase name="skips existing-session linking during email/password sign in" classname="Sign Up Form &amp;gt; AuthModal" time="0.07709" file="src/components/AuthModal/AuthModal.test.tsx" assertions="3" />
    <testcase name="renders email field and instructions" classname="Forgot Password Form &amp;gt; AuthModal" time="0.02032" file="src/components/AuthModal/AuthModal.test.tsx" assertions="3" />
    <testcase name="shows success message after submission" classname="Forgot Password Form &amp;gt; AuthModal" time="0.059884" file="src/components/AuthModal/AuthModal.test.tsx" assertions="3" />
    <testcase name="shows forgot password errors inline without the shared auth banner" classname="Forgot Password Form &amp;gt; AuthModal" time="0.060742" file="src/components/AuthModal/AuthModal.test.tsx" assertions="5" />
    <testcase name="navigates back to sign in when link is clicked" classname="Forgot Password Form &amp;gt; AuthModal" time="0.031903" file="src/components/AuthModal/AuthModal.test.tsx" assertions="4" />
    <testcase name="renders Google sign in button" classname="Google Sign In &amp;gt; AuthModal" time="0.011076" file="src/components/AuthModal/AuthModal.test.tsx" assertions="2" />
    <testcase name="calls googleLogin when Google button is clicked" classname="Google Sign In &amp;gt; AuthModal" time="0.017191" file="src/components/AuthModal/AuthModal.test.tsx" assertions="2" />
    <testcase name="keeps consistent button label when switching views" classname="Google Sign In &amp;gt; AuthModal" time="0.019776" file="src/components/AuthModal/AuthModal.test.tsx" assertions="2" />
    <testcase name="renders privacy and terms links" classname="Privacy and Terms Links &amp;gt; AuthModal" time="0.010479" file="src/components/AuthModal/AuthModal.test.tsx" assertions="2" />
    <testcase name="links open in new tab" classname="Privacy and Terms Links &amp;gt; AuthModal" time="0.008833" file="src/components/AuthModal/AuthModal.test.tsx" assertions="4" />
    <testcase name="opens sign in modal when ?auth=login is present" classname="URL Parameter Support" time="0.002572" file="src/components/AuthModal/AuthModal.test.tsx" assertions="1" />
    <testcase name="opens sign up modal when ?auth=signup is present" classname="URL Parameter Support" time="0.003103" file="src/components/AuthModal/AuthModal.test.tsx" assertions="1" />
    <testcase name="opens forgot password modal when ?auth=forgot is present" classname="URL Parameter Support" time="0.002962" file="src/components/AuthModal/AuthModal.test.tsx" assertions="1" />
    <testcase name="handles case-insensitive param values" classname="URL Parameter Support" time="0.002525" file="src/components/AuthModal/AuthModal.test.tsx" assertions="1" />
    <testcase name="does not open modal for invalid param value" classname="URL Parameter Support" time="0.051598" file="src/components/AuthModal/AuthModal.test.tsx" assertions="3" />
    <testcase name="works on different routes" classname="URL Parameter Support" time="0.003774" file="src/components/AuthModal/AuthModal.test.tsx" assertions="1" />
    <testcase name="opens reset password after the /day redirect preserves auth params" classname="URL Parameter Support" time="0.008245" file="src/components/AuthModal/AuthModal.test.tsx" assertions="4" />
    <testcase name="submits reset password with the initial token after the URL changes" classname="URL Parameter Support" time="0.042013" file="src/components/AuthModal/AuthModal.test.tsx" assertions="9" />
    <testcase name="switches to signUp (not back to loginAfterReset) when Sign up is clicked after reset" classname="URL Parameter Support" time="0.046111" file="src/components/AuthModal/AuthModal.test.tsx" assertions="3" />
  </testsuite>
  <testsuite name="src/common/parsers/dirty.parser.test.ts" tests="14" assertions="15" failures="0" skipped="0" time="0" hostname="Tylers-MacBook-Pro.local">
    <testcase name="should return false when draft and original events are identical" classname="WebEventParser" time="0.000485" file="src/common/parsers/dirty.parser.test.ts" assertions="1" />
    <testcase name="should return true when title has changed" classname="WebEventParser" time="0.000266" file="src/common/parsers/dirty.parser.test.ts" assertions="1" />
    <testcase name="should return true when description has changed" classname="WebEventParser" time="0.000236" file="src/common/parsers/dirty.parser.test.ts" assertions="1" />
    <testcase name="should return true when startDate has changed" classname="WebEventParser" time="0.000305" file="src/common/parsers/dirty.parser.test.ts" assertions="1" />
    <testcase name="should return true when endDate has changed" classname="WebEventParser" time="0.000107" file="src/common/parsers/dirty.parser.test.ts" assertions="1" />
    <testcase name="should return true when priority has changed" classname="WebEventParser" time="0.000155" file="src/common/parsers/dirty.parser.test.ts" assertions="1" />
    <testcase name="should return true when recurrence is added to non-recurring event" classname="WebEventParser" time="0.000217" file="src/common/parsers/dirty.parser.test.ts" assertions="1" />
    <testcase name="should return true when recurrence is removed from a recurring event" classname="WebEventParser" time="0.000241" file="src/common/parsers/dirty.parser.test.ts" assertions="2" />
    <testcase name="should return true when recurrence rules have changed" classname="WebEventParser" time="0.000178" file="src/common/parsers/dirty.parser.test.ts" assertions="1" />
    <testcase name="should return true when recurrence rules array length has changed" classname="WebEventParser" time="0.000313" file="src/common/parsers/dirty.parser.test.ts" assertions="1" />
    <testcase name="should return true when dates change in recurring event" classname="WebEventParser" time="0.000686" file="src/common/parsers/dirty.parser.test.ts" assertions="1" />
    <testcase name="should return false when only non-tracked fields change" classname="WebEventParser" time="0.000284" file="src/common/parsers/dirty.parser.test.ts" assertions="1" />
    <testcase name="should handle undefined recurrence gracefully" classname="WebEventParser" time="0.000086" file="src/common/parsers/dirty.parser.test.ts" assertions="1" />
    <testcase name="should handle empty recurrence rules" classname="WebEventParser" time="0.000199" file="src/common/parsers/dirty.parser.test.ts" assertions="1" />
  </testsuite>
  <testsuite name="src/common/parsers/view.parser.test.ts" tests="19" assertions="20" failures="0" skipped="0" time="0" hostname="Tylers-MacBook-Pro.local">
    <testcase name="should return true when event start is in view" classname="isEventInView &amp;gt; EventInViewParser" time="0.000064" file="src/common/parsers/view.parser.test.ts" assertions="1" />
    <testcase name="should return true when event end is in view" classname="isEventInView &amp;gt; EventInViewParser" time="0.000136" file="src/common/parsers/view.parser.test.ts" assertions="1" />
    <testcase name="should return true when event spans the view" classname="isEventInView &amp;gt; EventInViewParser" time="0.00006" file="src/common/parsers/view.parser.test.ts" assertions="1" />
    <testcase name="should return false when event is completely outside view" classname="isEventInView &amp;gt; EventInViewParser" time="0.000052" file="src/common/parsers/view.parser.test.ts" assertions="1" />
    <testcase name="should return true when event starts exactly at view start" classname="isEventInView &amp;gt; EventInViewParser" time="0.000037" file="src/common/parsers/view.parser.test.ts" assertions="1" />
    <testcase name="should return true when event ends exactly at view end" classname="isEventInView &amp;gt; EventInViewParser" time="0.000043" file="src/common/parsers/view.parser.test.ts" assertions="1" />
    <testcase name="should return true when event is completely outside view" classname="isEventOutsideView &amp;gt; EventInViewParser" time="0.000041" file="src/common/parsers/view.parser.test.ts" assertions="1" />
    <testcase name="should return false when event start is in view" classname="isEventOutsideView &amp;gt; EventInViewParser" time="0.000039" file="src/common/parsers/view.parser.test.ts" assertions="1" />
    <testcase name="should return false when event end is in view" classname="isEventOutsideView &amp;gt; EventInViewParser" time="0.000035" file="src/common/parsers/view.parser.test.ts" assertions="1" />
    <testcase name="should return false when event spans the view" classname="isEventOutsideView &amp;gt; EventInViewParser" time="0.000029" file="src/common/parsers/view.parser.test.ts" assertions="1" />
    <testcase name="should return true when dragging to edge, event was moved, and not already visible" classname="shouldAddToViewAfterDragToEdge &amp;gt; EventInViewParser" time="0.000041" file="src/common/parsers/view.parser.test.ts" assertions="1" />
    <testcase name="should return false when not dragging to edge" classname="shouldAddToViewAfterDragToEdge &amp;gt; EventInViewParser" time="0.000018" file="src/common/parsers/view.parser.test.ts" assertions="1" />
    <testcase name="should return false when event was not moved" classname="shouldAddToViewAfterDragToEdge &amp;gt; EventInViewParser" time="0.000033" file="src/common/parsers/view.parser.test.ts" assertions="1" />
    <testcase name="should return false when event is already visible" classname="shouldAddToViewAfterDragToEdge &amp;gt; EventInViewParser" time="0.000036" file="src/common/parsers/view.parser.test.ts" assertions="1" />
    <testcase name="should return false when all conditions are not met" classname="shouldAddToViewAfterDragToEdge &amp;gt; EventInViewParser" time="0.000033" file="src/common/parsers/view.parser.test.ts" assertions="1" />
    <testcase name="should handle all-day events correctly" classname="edge cases &amp;gt; EventInViewParser" time="0.000028" file="src/common/parsers/view.parser.test.ts" assertions="1" />
    <testcase name="should handle events with different timezones" classname="edge cases &amp;gt; EventInViewParser" time="0.000025" file="src/common/parsers/view.parser.test.ts" assertions="1" />
    <testcase name="should handle events spanning multiple days" classname="edge cases &amp;gt; EventInViewParser" time="0.000031" file="src/common/parsers/view.parser.test.ts" assertions="2" />
    <testcase name="should handle events with missing _id" classname="edge cases &amp;gt; EventInViewParser" time="0.000027" file="src/common/parsers/view.parser.test.ts" assertions="1" />
  </testsuite>
  <testsuite name="src/common/utils/app-init.util.test.ts" tests="9" assertions="14" failures="0" skipped="0" time="0" hostname="Tylers-MacBook-Pro.local">
    <testcase name="should return null error when storage initializes successfully" classname="initializeDatabaseWithErrorHandling &amp;gt; app-init.util" time="0" file="src/common/utils/app-init.util.test.ts" assertions="2" />
    <testcase name="should catch DatabaseInitError and return it" classname="initializeDatabaseWithErrorHandling &amp;gt; app-init.util" time="0.000043" file="src/common/utils/app-init.util.test.ts" assertions="2" />
    <testcase name="should ignore non-DatabaseInitError errors and return null" classname="initializeDatabaseWithErrorHandling &amp;gt; app-init.util" time="0.000018" file="src/common/utils/app-init.util.test.ts" assertions="1" />
    <testcase name="should not throw when storage initialization fails" classname="initializeDatabaseWithErrorHandling &amp;gt; app-init.util" time="0.000016" file="src/common/utils/app-init.util.test.ts" assertions="1" />
    <testcase name="should show error toast with correct message after timeout" classname="showDbInitErrorToast &amp;gt; app-init.util" time="0.000016" file="src/common/utils/app-init.util.test.ts" assertions="2" />
    <testcase name="should include the error message in the toast" classname="showDbInitErrorToast &amp;gt; app-init.util" time="0.000016" file="src/common/utils/app-init.util.test.ts" assertions="1" />
    <testcase name="should set autoClose to false so user must dismiss" classname="showDbInitErrorToast &amp;gt; app-init.util" time="0.000005" file="src/common/utils/app-init.util.test.ts" assertions="1" />
    <testcase name="should handle full initialization flow with error" classname="integration &amp;gt; app-init.util" time="0.000016" file="src/common/utils/app-init.util.test.ts" assertions="2" />
    <testcase name="should handle full initialization flow without error" classname="integration &amp;gt; app-init.util" time="0.000016" file="src/common/utils/app-init.util.test.ts" assertions="2" />
  </testsuite>
  <testsuite name="src/common/hooks/useHasLoadedOnce.test.ts" tests="6" assertions="9" failures="0" skipped="0" time="0" hostname="Tylers-MacBook-Pro.local">
    <testcase name="should initialize as false" classname="useHasLoadedOnce" time="0.000275" file="src/common/hooks/useHasLoadedOnce.test.ts" assertions="1" />
    <testcase name="should remain false while loading" classname="useHasLoadedOnce" time="0.000079" file="src/common/hooks/useHasLoadedOnce.test.ts" assertions="1" />
    <testcase name="should become true when loading finishes" classname="useHasLoadedOnce" time="0.000119" file="src/common/hooks/useHasLoadedOnce.test.ts" assertions="2" />
    <testcase name="should remain true if loading starts again" classname="useHasLoadedOnce" time="0.000067" file="src/common/hooks/useHasLoadedOnce.test.ts" assertions="2" />
    <testcase name="should respect the condition parameter" classname="useHasLoadedOnce" time="0.000106" file="src/common/hooks/useHasLoadedOnce.test.ts" assertions="2" />
    <testcase name="should handle condition being true initially" classname="useHasLoadedOnce" time="0.000071" file="src/common/hooks/useHasLoadedOnce.test.ts" assertions="1" />
  </testsuite>
  <testsuite name="src/common/hooks/useMainGridSelection.test.ts" tests="8" assertions="11" failures="0" skipped="0" time="0" hostname="Tylers-MacBook-Pro.local">
    <testcase name="should initialize with selecting as false" classname="useMainGridSelection" time="0.000399" file="src/common/hooks/useMainGridSelection.test.ts" assertions="1" />
    <testcase name="should start selection when conditions are met" classname="useMainGridSelection" time="0.000246" file="src/common/hooks/useMainGridSelection.test.ts" assertions="2" />
    <testcase name="should call onSelection when moving while selecting" classname="useMainGridSelection" time="0.000257" file="src/common/hooks/useMainGridSelection.test.ts" assertions="2" />
    <testcase name="should end selection when pointer up" classname="useMainGridSelection" time="0.00009" file="src/common/hooks/useMainGridSelection.test.ts" assertions="2" />
    <testcase name="should not start selection if isDragging is true" classname="useMainGridSelection" time="0" file="src/common/hooks/useMainGridSelection.test.ts" assertions="1" />
    <testcase name="should not start selection if resizing is true" classname="useMainGridSelection" time="0.00031" file="src/common/hooks/useMainGridSelection.test.ts" assertions="1" />
    <testcase name="should not start selection if not over main grid" classname="useMainGridSelection" time="0.000079" file="src/common/hooks/useMainGridSelection.test.ts" assertions="1" />
    <testcase name="should not start selection if element at start is not main grid" classname="useMainGridSelection" time="0" file="src/common/hooks/useMainGridSelection.test.ts" assertions="1" />
  </testsuite>
  <testsuite name="src/common/hooks/useUpdateEvent.test.ts" tests="3" assertions="9" failures="0" skipped="0" time="0" hostname="Tylers-MacBook-Pro.local">
    <testcase name="should update event in store and dispatch request when saveImmediate is true" classname="useUpdateEvent" time="0.000208" file="src/common/hooks/useUpdateEvent.test.ts" assertions="3" />
    <testcase name="should update event in store but NOT dispatch request when saveImmediate is false" classname="useUpdateEvent" time="0" file="src/common/hooks/useUpdateEvent.test.ts" assertions="3" />
    <testcase name="should not do anything if event has no _id" classname="useUpdateEvent" time="0.000269" file="src/common/hooks/useUpdateEvent.test.ts" assertions="3" />
  </testsuite>
  <testsuite name="src/common/hooks/useMetaContext.test.tsx" tests="5" assertions="5" failures="0" skipped="0" time="0.001" hostname="Tylers-MacBook-Pro.local">
    <testcase name="should return context value when used within provider" classname="useMetaContext" time="0.000217" file="src/common/hooks/useMetaContext.test.tsx" assertions="1" />
    <testcase name="should throw error when used outside provider by default" classname="useMetaContext" time="0.001623" file="src/common/hooks/useMetaContext.test.tsx" assertions="1" />
    <testcase name="should throw error with default hook name if not provided" classname="useMetaContext" time="0.000436" file="src/common/hooks/useMetaContext.test.tsx" assertions="1" />
    <testcase name="should use default Provider name if displayName is not set" classname="useMetaContext" time="0" file="src/common/hooks/useMetaContext.test.tsx" assertions="1" />
    <testcase name="should not throw error when throwIfOutsideContext is false" classname="useMetaContext" time="0.000252" file="src/common/hooks/useMetaContext.test.tsx" assertions="1" />
  </testsuite>
  <testsuite name="src/common/hooks/useSidebarState.test.ts" tests="5" assertions="9" failures="0" skipped="0" time="0" hostname="Tylers-MacBook-Pro.local">
    <testcase name="should return isOpen true when screen is wide (&gt;=1280px)" classname="useSidebarState" time="0.000309" file="src/common/hooks/useSidebarState.test.ts" assertions="1" />
    <testcase name="should return isOpen false when screen is narrow (&lt;1280px)" classname="useSidebarState" time="0.000124" file="src/common/hooks/useSidebarState.test.ts" assertions="1" />
    <testcase name="should toggle sidebar state when toggleSidebar is called" classname="useSidebarState" time="0.000166" file="src/common/hooks/useSidebarState.test.ts" assertions="3" />
    <testcase name="should close sidebar when screen resizes from wide to narrow" classname="useSidebarState" time="0.000107" file="src/common/hooks/useSidebarState.test.ts" assertions="2" />
    <testcase name="should open sidebar when screen resizes from narrow to wide" classname="useSidebarState" time="0.000106" file="src/common/hooks/useSidebarState.test.ts" assertions="2" />
  </testsuite>
  <testsuite name="src/common/hooks/useIsMobile.test.ts" tests="4" assertions="8" failures="0" skipped="0" time="0" hostname="Tylers-MacBook-Pro.local">
    <testcase name="returns true for mobile viewport widths" classname="useIsMobile" time="0.00041" file="src/common/hooks/useIsMobile.test.ts" assertions="2" />
    <testcase name="returns false for desktop viewport widths" classname="useIsMobile" time="0.000094" file="src/common/hooks/useIsMobile.test.ts" assertions="2" />
    <testcase name="responds to viewport changes" classname="useIsMobile" time="0.000092" file="src/common/hooks/useIsMobile.test.ts" assertions="3" />
    <testcase name="cleans up event listener on unmount" classname="useIsMobile" time="0.000128" file="src/common/hooks/useIsMobile.test.ts" assertions="1" />
  </testsuite>
  <testsuite name="src/common/hooks/useMainGridSelectionId.test.ts" tests="3" assertions="4" failures="0" skipped="0" time="0" hostname="Tylers-MacBook-Pro.local">
    <testcase name="should return null initially" classname="useMainGridSelectionId" time="0.00018" file="src/common/hooks/useMainGridSelectionId.test.ts" assertions="1" />
    <testcase name="should update when selectionId$ emits a value" classname="useMainGridSelectionId" time="0.000013" file="src/common/hooks/useMainGridSelectionId.test.ts" assertions="1" />
    <testcase name="should update when selectionId$ emits null" classname="useMainGridSelectionId" time="0.000012" file="src/common/hooks/useMainGridSelectionId.test.ts" assertions="2" />
  </testsuite>
  <testsuite name="src/common/hooks/useAppHotkey.test.ts" tests="7" assertions="9" failures="0" skipped="0" time="0.008" hostname="Tylers-MacBook-Pro.local">
    <testcase name="calls the handler for keydown hotkeys" classname="useAppHotkey" time="0.00217" file="src/common/hooks/useAppHotkey.test.ts" assertions="2" />
    <testcase name="calls the handler for keyup hotkeys" classname="useAppHotkey" time="0.001355" file="src/common/hooks/useAppHotkey.test.ts" assertions="1" />
    <testcase name="supports modifier hotkeys" classname="useAppHotkey" time="0.00129" file="src/common/hooks/useAppHotkey.test.ts" assertions="1" />
    <testcase name="ignores input events by default for single-key shortcuts" classname="useAppHotkey" time="0.001375" file="src/common/hooks/useAppHotkey.test.ts" assertions="1" />
    <testcase name="can listen inside inputs when ignoreInputs is false" classname="useAppHotkey" time="0.001296" file="src/common/hooks/useAppHotkey.test.ts" assertions="1" />
    <testcase name="blurs the active element before handling the shortcut when requested" classname="useAppHotkey" time="0.001364" file="src/common/hooks/useAppHotkey.test.ts" assertions="2" />
    <testcase name="does not call the handler when the app is locked" classname="useAppHotkey" time="0.001278" file="src/common/hooks/useAppHotkey.test.ts" assertions="1" />
  </testsuite>
  <testsuite name="src/common/hooks/useMainGridSelectionState.test.ts" tests="3" assertions="4" failures="0" skipped="0" time="0" hostname="Tylers-MacBook-Pro.local">
    <testcase name="should return false initially" classname="useMainGridSelectionState" time="0.000164" file="src/common/hooks/useMainGridSelectionState.test.ts" assertions="1" />
    <testcase name="should update when selecting$ emits true" classname="useMainGridSelectionState" time="0.000104" file="src/common/hooks/useMainGridSelectionState.test.ts" assertions="1" />
    <testcase name="should update when selecting$ emits false" classname="useMainGridSelectionState" time="0.000073" file="src/common/hooks/useMainGridSelectionState.test.ts" assertions="2" />
  </testsuite>
  <testsuite name="src/common/hooks/usePointerPosition.test.tsx" tests="2" assertions="2" failures="0" skipped="0" time="0" hostname="Tylers-MacBook-Pro.local">
    <testcase name="should throw error when used outside provider" classname="usePointerPosition &amp;gt; usePointerPosition hooks" time="0.000341" file="src/common/hooks/usePointerPosition.test.tsx" assertions="1" />
    <testcase name="should return context value when used within provider" classname="usePointerPosition &amp;gt; usePointerPosition hooks" time="0.000163" file="src/common/hooks/usePointerPosition.test.tsx" assertions="1" />
  </testsuite>
  <testsuite name="src/common/hooks/useOpenAtCursor.test.ts" tests="9" assertions="27" failures="0" skipped="0" time="0" hostname="Tylers-MacBook-Pro.local">
    <testcase name="useFloatingOpenAtCursor should return current open state" classname="Hooks &amp;gt; useOpenAtCursor" time="0.000676" file="src/common/hooks/useOpenAtCursor.test.ts" assertions="2" />
    <testcase name="useFloatingNodeIdAtCursor should return current nodeId" classname="Hooks &amp;gt; useOpenAtCursor" time="0.000171" file="src/common/hooks/useOpenAtCursor.test.ts" assertions="2" />
    <testcase name="useFloatingPlacementAtCursor should return current placement" classname="Hooks &amp;gt; useOpenAtCursor" time="0.000248" file="src/common/hooks/useOpenAtCursor.test.ts" assertions="2" />
    <testcase name="useFloatingStrategyAtCursor should return current strategy" classname="Hooks &amp;gt; useOpenAtCursor" time="0.000129" file="src/common/hooks/useOpenAtCursor.test.ts" assertions="2" />
    <testcase name="useFloatingReferenceAtCursor should return current reference" classname="Hooks &amp;gt; useOpenAtCursor" time="0.000104" file="src/common/hooks/useOpenAtCursor.test.ts" assertions="2" />
    <testcase name="openFloatingAtCursor should set all values correctly after delay" classname="Functions &amp;gt; useOpenAtCursor" time="0.000083" file="src/common/hooks/useOpenAtCursor.test.ts" assertions="6" />
    <testcase name="openFloatingAtCursor should close existing floating before opening new one" classname="Functions &amp;gt; useOpenAtCursor" time="0.000027" file="src/common/hooks/useOpenAtCursor.test.ts" assertions="4" />
    <testcase name="closeFloatingAtCursor should reset all values" classname="Functions &amp;gt; useOpenAtCursor" time="0.000017" file="src/common/hooks/useOpenAtCursor.test.ts" assertions="4" />
    <testcase name="isOpenAtCursor should return true only when open and nodeId matches" classname="Functions &amp;gt; useOpenAtCursor" time="0.000018" file="src/common/hooks/useOpenAtCursor.test.ts" assertions="3" />
  </testsuite>
  <testsuite name="src/common/hooks/useEventDNDActions.test.ts" tests="5" assertions="5" failures="0" skipped="0" time="0" hostname="Tylers-MacBook-Pro.local">
    <testcase name="should handle timed event move in main grid" classname="onDragEnd &amp;gt; useEventDNDActions" time="0.00044" file="src/common/hooks/useEventDNDActions.test.ts" assertions="1" />
    <testcase name="should handle all-day event move to main grid" classname="onDragEnd &amp;gt; useEventDNDActions" time="0" file="src/common/hooks/useEventDNDActions.test.ts" assertions="1" />
    <testcase name="should handle timed event move to all-day grid" classname="onDragEnd &amp;gt; useEventDNDActions" time="0.000169" file="src/common/hooks/useEventDNDActions.test.ts" assertions="1" />
    <testcase name="should ignore invalid drag end events" classname="onDragEnd &amp;gt; useEventDNDActions" time="0" file="src/common/hooks/useEventDNDActions.test.ts" assertions="1" />
    <testcase name="should register dnd monitor" classname="useEventDNDActions" time="0.000011" file="src/common/hooks/useEventDNDActions.test.ts" assertions="1" />
  </testsuite>
  <testsuite name="src/common/hooks/useAuthCmdItems.test.ts" tests="4" assertions="5" failures="0" skipped="0" time="0" hostname="Tylers-MacBook-Pro.local">
    <testcase name="returns no items when authenticated" classname="useAuthCmdItems" time="0" file="src/common/hooks/useAuthCmdItems.test.ts" assertions="1" />
    <testcase name="returns no items when auth feature flag is disabled" classname="useAuthCmdItems" time="0.000011" file="src/common/hooks/useAuthCmdItems.test.ts" assertions="1" />
    <testcase name="returns auth items when unauthenticated and auth feature flag is enabled" classname="useAuthCmdItems" time="0.000011" file="src/common/hooks/useAuthCmdItems.test.ts" assertions="1" />
    <testcase name="opens matching auth modal view when item actions are clicked" classname="useAuthCmdItems" time="0.000059" file="src/common/hooks/useAuthCmdItems.test.ts" assertions="2" />
  </testsuite>
  <testsuite name="src/common/hooks/useGridMaxZIndex.test.ts" tests="4" assertions="7" failures="0" skipped="0" time="0" hostname="Tylers-MacBook-Pro.local">
    <testcase name="should return the initial z-index" classname="useGridMaxZIndex" time="0.000216" file="src/common/hooks/useGridMaxZIndex.test.ts" assertions="1" />
    <testcase name="should update when maxGridZIndex$ emits a new value" classname="useGridMaxZIndex" time="0.000101" file="src/common/hooks/useGridMaxZIndex.test.ts" assertions="1" />
    <testcase name="should not update if the value is the same (distinctUntilChanged)" classname="useGridMaxZIndex" time="0.000087" file="src/common/hooks/useGridMaxZIndex.test.ts" assertions="2" />
    <testcase name="should handle multiple updates" classname="useGridMaxZIndex" time="0.000077" file="src/common/hooks/useGridMaxZIndex.test.ts" assertions="3" />
  </testsuite>
  <testsuite name="src/common/hooks/useGridOrganization.test.ts" tests="1" assertions="2" failures="0" skipped="0" time="0.002" hostname="Tylers-MacBook-Pro.local">
    <testcase name="should reorder grid when nodes are added" classname="useGridOrganization" time="0.002265" file="src/common/hooks/useGridOrganization.test.ts" assertions="2" />
  </testsuite>
  <testsuite name="src/common/hooks/useCursorCoordinates.test.ts" tests="2" assertions="3" failures="0" skipped="0" time="0" hostname="Tylers-MacBook-Pro.local">
    <testcase name="should return the initial cursor coordinates" classname="useCursorCoordinates" time="0.000055" file="src/common/hooks/useCursorCoordinates.test.ts" assertions="1" />
    <testcase name="should update coordinates when cursor$ emits new values" classname="useCursorCoordinates" time="0.000105" file="src/common/hooks/useCursorCoordinates.test.ts" assertions="2" />
  </testsuite>
  <testsuite name="src/common/hooks/usePointerState.test.ts" tests="3" assertions="3" failures="0" skipped="0" time="0" hostname="Tylers-MacBook-Pro.local">
    <testcase name="should return the initial state" classname="usePointerState" time="0.000157" file="src/common/hooks/usePointerState.test.ts" assertions="1" />
    <testcase name="should update when mouseState$ emits new values" classname="usePointerState" time="0.000077" file="src/common/hooks/usePointerState.test.ts" assertions="1" />
    <testcase name="should handle updates to all properties" classname="usePointerState" time="0.000012" file="src/common/hooks/usePointerState.test.ts" assertions="1" />
  </testsuite>
  <testsuite name="src/common/hooks/useBufferedVisibility.test.ts" tests="6" assertions="16" failures="0" skipped="0" time="0" hostname="Tylers-MacBook-Pro.local">
    <testcase name="returns initial visibility state" classname="useBufferedVisibility" time="0.000199" file="src/common/hooks/useBufferedVisibility.test.ts" assertions="1" />
    <testcase name="shows immediately when shouldBeVisible becomes true" classname="useBufferedVisibility" time="0.000109" file="src/common/hooks/useBufferedVisibility.test.ts" assertions="2" />
    <testcase name="delays hiding by buffer time" classname="useBufferedVisibility" time="0.000148" file="src/common/hooks/useBufferedVisibility.test.ts" assertions="4" />
    <testcase name="cancels hide when visibility returns before buffer expires" classname="useBufferedVisibility" time="0.000093" file="src/common/hooks/useBufferedVisibility.test.ts" assertions="4" />
    <testcase name="uses custom buffer time" classname="useBufferedVisibility" time="0.000099" file="src/common/hooks/useBufferedVisibility.test.ts" assertions="2" />
    <testcase name="handles rapid toggling without flash" classname="useBufferedVisibility" time="0.000032" file="src/common/hooks/useBufferedVisibility.test.ts" assertions="3" />
  </testsuite>
  <testsuite name="src/common/hooks/useFloatingAtCursor.test.ts" tests="5" assertions="6" failures="4" skipped="0" time="0" hostname="Tylers-MacBook-Pro.local">
    <testcase name="should initialize with default values" classname="useFloatingAtCursor" time="0.00026" file="src/common/hooks/useFloatingAtCursor.test.ts" assertions="1">
      <failure type="AssertionError" />
    </testcase>
    <testcase name="should update strategy subject correctly" classname="useFloatingAtCursor" time="0.000011" file="src/common/hooks/useFloatingAtCursor.test.ts" assertions="1">
      <failure type="AssertionError" />
    </testcase>
    <testcase name="should update when subjects emit new values" classname="useFloatingAtCursor" time="0.000012" file="src/common/hooks/useFloatingAtCursor.test.ts" assertions="0" />
    <testcase name="should handle onOpenChange callback to close floating" classname="useFloatingAtCursor" time="0.000121" file="src/common/hooks/useFloatingAtCursor.test.ts" assertions="2">
      <failure type="AssertionError" />
    </testcase>
    <testcase name="should handle onOpenChange callback when already open (mismatch)" classname="useFloatingAtCursor" time="0.000178" file="src/common/hooks/useFloatingAtCursor.test.ts" assertions="2">
      <failure type="AssertionError" />
    </testcase>
  </testsuite>
  <testsuite name="src/common/hooks/useVersionCheck.test.ts" tests="11" assertions="18" failures="0" skipped="0" time="0.002" hostname="Tylers-MacBook-Pro.local">
    <testcase name="checks version on initial mount" classname="useVersionCheck" time="0.00104" file="src/common/hooks/useVersionCheck.test.ts" assertions="3" />
    <testcase name="does not check for updates in development mode" classname="useVersionCheck" time="0.00021" file="src/common/hooks/useVersionCheck.test.ts" assertions="4" />
    <testcase name="sets isUpdateAvailable when server version differs" classname="useVersionCheck" time="0.001349" file="src/common/hooks/useVersionCheck.test.ts" assertions="1" />
    <testcase name="keeps isUpdateAvailable false when versions match" classname="useVersionCheck" time="0.000287" file="src/common/hooks/useVersionCheck.test.ts" assertions="1" />
    <testcase name="handles network failures without crashing" classname="useVersionCheck" time="0.000193" file="src/common/hooks/useVersionCheck.test.ts" assertions="2" />
    <testcase name="ignores invalid version payloads" classname="useVersionCheck" time="0.000074" file="src/common/hooks/useVersionCheck.test.ts" assertions="2" />
    <testcase name="checks when tab becomes visible after being hidden long enough" classname="useVersionCheck" time="0.000337" file="src/common/hooks/useVersionCheck.test.ts" assertions="1" />
    <testcase name="does not check when tab becomes visible after a short hide" classname="useVersionCheck" time="0.000117" file="src/common/hooks/useVersionCheck.test.ts" assertions="1" />
    <testcase name="cleans up the visibility listener on unmount" classname="useVersionCheck" time="0.000126" file="src/common/hooks/useVersionCheck.test.ts" assertions="1" />
    <testcase name="runs the backup poll on the interval" classname="useVersionCheck" time="0" file="src/common/hooks/useVersionCheck.test.ts" assertions="1" />
    <testcase name="prevents concurrent checks" classname="useVersionCheck" time="0.000202" file="src/common/hooks/useVersionCheck.test.ts" assertions="1" />
  </testsuite>
  <testsuite name="src/common/hooks/useResizeId.test.ts" tests="3" assertions="4" failures="0" skipped="0" time="0" hostname="Tylers-MacBook-Pro.local">
    <testcase name="should return null initially" classname="useResizeId" time="0.000258" file="src/common/hooks/useResizeId.test.ts" assertions="1" />
    <testcase name="should update when resizeId$ emits a value" classname="useResizeId" time="0" file="src/common/hooks/useResizeId.test.ts" assertions="1" />
    <testcase name="should update when resizeId$ emits null" classname="useResizeId" time="0.000189" file="src/common/hooks/useResizeId.test.ts" assertions="2" />
  </testsuite>
  <testsuite name="src/common/validators/grid.event.validator.test.ts" tests="3" assertions="3" failures="0" skipped="0" time="0" hostname="Tylers-MacBook-Pro.local">
    <testcase name="strips unexpected properties" classname="validateGridEvent" time="0.000862" file="src/common/validators/grid.event.validator.test.ts" assertions="1" />
    <testcase name="validates a correct event" classname="validateGridEvent" time="0.000059" file="src/common/validators/grid.event.validator.test.ts" assertions="1" />
    <testcase name="invalidates when types are incorrect" classname="validateGridEvent" time="0.000113" file="src/common/validators/grid.event.validator.test.ts" assertions="1" />
  </testsuite>
  <testsuite name="src/views/Calendar/Calendar.render.test.tsx" tests="1" assertions="1" failures="0" skipped="0" time="0" hostname="Tylers-MacBook-Pro.local">
    <testcase name="only scrolls once" classname="Scroll" time="0.000374" file="src/views/Calendar/Calendar.render.test.tsx" assertions="1" />
  </testsuite>
  <testsuite name="src/ducks/events/slices/pending.slice.test.ts" tests="8" assertions="18" failures="0" skipped="0" time="0" hostname="Tylers-MacBook-Pro.local">
    <testcase name="should add event ID to pending list" classname="add &amp;gt; pendingEventsSlice" time="0.000205" file="src/ducks/events/slices/pending.slice.test.ts" assertions="2" />
    <testcase name="should not add duplicate event IDs" classname="add &amp;gt; pendingEventsSlice" time="0.000072" file="src/ducks/events/slices/pending.slice.test.ts" assertions="2" />
    <testcase name="should add multiple different event IDs" classname="add &amp;gt; pendingEventsSlice" time="0.000033" file="src/ducks/events/slices/pending.slice.test.ts" assertions="3" />
    <testcase name="should remove event ID from pending list" classname="remove &amp;gt; pendingEventsSlice" time="0.000077" file="src/ducks/events/slices/pending.slice.test.ts" assertions="2" />
    <testcase name="should not error when removing non-existent event ID" classname="remove &amp;gt; pendingEventsSlice" time="0.000019" file="src/ducks/events/slices/pending.slice.test.ts" assertions="2" />
    <testcase name="should remove specific event ID without affecting others" classname="remove &amp;gt; pendingEventsSlice" time="0.000017" file="src/ducks/events/slices/pending.slice.test.ts" assertions="3" />
    <testcase name="should clear all pending event IDs" classname="clear &amp;gt; pendingEventsSlice" time="0.000031" file="src/ducks/events/slices/pending.slice.test.ts" assertions="3" />
    <testcase name="should handle clearing empty list" classname="clear &amp;gt; pendingEventsSlice" time="0.000013" file="src/ducks/events/slices/pending.slice.test.ts" assertions="1" />
  </testsuite>
  <testsuite name="src/ducks/events/selectors/pending.selectors.test.ts" tests="6" assertions="9" failures="0" skipped="0" time="0" hostname="Tylers-MacBook-Pro.local">
    <testcase name="should return empty array when no pending events" classname="selectPendingEventIds &amp;gt; pending selectors" time="0" file="src/ducks/events/selectors/pending.selectors.test.ts" assertions="1" />
    <testcase name="should return array of pending event IDs" classname="selectPendingEventIds &amp;gt; pending selectors" time="0.000029" file="src/ducks/events/selectors/pending.selectors.test.ts" assertions="2" />
    <testcase name="should return false when event is not pending" classname="selectIsEventPending &amp;gt; pending selectors" time="0" file="src/ducks/events/selectors/pending.selectors.test.ts" assertions="1" />
    <testcase name="should return true when event is pending" classname="selectIsEventPending &amp;gt; pending selectors" time="0" file="src/ducks/events/selectors/pending.selectors.test.ts" assertions="1" />
    <testcase name="should return false for empty pending list" classname="selectIsEventPending &amp;gt; pending selectors" time="0" file="src/ducks/events/selectors/pending.selectors.test.ts" assertions="1" />
    <testcase name="should handle multiple calls with different event IDs" classname="selectIsEventPending &amp;gt; pending selectors" time="0.000064" file="src/ducks/events/selectors/pending.selectors.test.ts" assertions="3" />
  </testsuite>
  <testsuite name="src/auth/google/util/google.oauth.error.util.test.ts" tests="3" assertions="4" failures="0" skipped="0" time="0" hostname="Tylers-MacBook-Pro.local">
    <testcase name="returns true for non-oauth popup_closed type" classname="isGooglePopupClosedError" time="0.000006" file="src/auth/google/util/google.oauth.error.util.test.ts" assertions="1" />
    <testcase name="returns true for popup-closed error messages" classname="isGooglePopupClosedError" time="0" file="src/auth/google/util/google.oauth.error.util.test.ts" assertions="1" />
    <testcase name="returns false for non-popup auth failures" classname="isGooglePopupClosedError" time="0.000036" file="src/auth/google/util/google.oauth.error.util.test.ts" assertions="2" />
  </testsuite>
  <testsuite name="src/auth/google/util/google.auth.util.test.ts" tests="15" assertions="17" failures="15" skipped="0" time="0" hostname="Tylers-MacBook-Pro.local">
    <testcase name="returns success when authentication succeeds" classname="authenticate &amp;gt; google-auth.util" time="0.000402" file="src/auth/google/util/google.auth.util.test.ts" assertions="1">
      <failure type="AssertionError" />
    </testcase>
    <testcase name="returns error when authentication fails" classname="authenticate &amp;gt; google-auth.util" time="0.000246" file="src/auth/google/util/google.auth.util.test.ts" assertions="1">
      <failure type="AssertionError" />
    </testcase>
    <testcase name="returns syncedCount and success when sync succeeds" classname="syncLocalEvents &amp;gt; google-auth.util" time="0.000034" file="src/auth/google/util/google.auth.util.test.ts" assertions="1">
      <failure type="AssertionError" />
    </testcase>
    <testcase name="returns 0 count when no events to sync" classname="syncLocalEvents &amp;gt; google-auth.util" time="0.000024" file="src/auth/google/util/google.auth.util.test.ts" assertions="1">
      <failure type="AssertionError" />
    </testcase>
    <testcase name="returns error when sync fails" classname="syncLocalEvents &amp;gt; google-auth.util" time="0.000099" file="src/auth/google/util/google.auth.util.test.ts" assertions="1">
      <failure type="AssertionError" />
    </testcase>
    <testcase name="returns true when sync succeeds with events" classname="syncPendingLocalEvents &amp;gt; google-auth.util" time="0.000013" file="src/auth/google/util/google.auth.util.test.ts" assertions="1">
      <failure type="AssertionError" />
    </testcase>
    <testcase name="returns true when syncedCount is zero" classname="syncPendingLocalEvents &amp;gt; google-auth.util" time="0.000044" file="src/auth/google/util/google.auth.util.test.ts" assertions="1">
      <failure type="AssertionError" />
    </testcase>
    <testcase name="shows toast and returns false on sync failure" classname="syncPendingLocalEvents &amp;gt; google-auth.util" time="0.000043" file="src/auth/google/util/google.auth.util.test.ts" assertions="1">
      <failure type="AssertionError" />
    </testcase>
    <testcase name="shows toast with GOOGLE_REVOKED_TOAST_ID when not already active" classname="handleGoogleRevoked &amp;gt; google-auth.util" time="0.000012" file="src/auth/google/util/google.auth.util.test.ts" assertions="1">
      <failure type="AssertionError" />
    </testcase>
    <testcase name="dispatches removeEventsByOrigin for Google origins" classname="handleGoogleRevoked &amp;gt; google-auth.util" time="0.00003" file="src/auth/google/util/google.auth.util.test.ts" assertions="1">
      <failure type="AssertionError" />
    </testcase>
    <testcase name="clears auth and user metadata state" classname="handleGoogleRevoked &amp;gt; google-auth.util" time="0.000023" file="src/auth/google/util/google.auth.util.test.ts" assertions="1">
      <failure type="AssertionError" />
    </testcase>
    <testcase name="dispatches triggerFetch with GOOGLE_REVOKED reason" classname="handleGoogleRevoked &amp;gt; google-auth.util" time="0.000031" file="src/auth/google/util/google.auth.util.test.ts" assertions="1">
      <failure type="AssertionError" />
    </testcase>
    <testcase name="reconnects SSE stream so the client gets a fresh session after revocation" classname="handleGoogleRevoked &amp;gt; google-auth.util" time="0.000032" file="src/auth/google/util/google.auth.util.test.ts" assertions="1">
      <failure type="AssertionError" />
    </testcase>
    <testcase name="marks Google as revoked in session state" classname="handleGoogleRevoked &amp;gt; google-auth.util" time="0.000021" file="src/auth/google/util/google.auth.util.test.ts" assertions="2">
      <failure type="AssertionError" />
    </testcase>
    <testcase name="does not show toast when one is already active (idempotent)" classname="handleGoogleRevoked &amp;gt; google-auth.util" time="0.000025" file="src/auth/google/util/google.auth.util.test.ts" assertions="2">
      <failure type="AssertionError" />
    </testcase>
  </testsuite>
  <testsuite name="src/auth/google/state/google.auth.state.test.ts" tests="5" assertions="6" failures="0" skipped="0" time="0" hostname="Tylers-MacBook-Pro.local">
    <testcase name="should set the in-memory revoked flag" classname="markGoogleAsRevoked &amp;gt; google-auth-state.util" time="0" file="src/auth/google/state/google.auth.state.test.ts" assertions="1" />
    <testcase name="should clear the in-memory revoked flag" classname="clearGoogleRevokedState &amp;gt; google-auth-state.util" time="0" file="src/auth/google/state/google.auth.state.test.ts" assertions="2" />
    <testcase name="should return true when revoked flag is set" classname="isGoogleRevoked &amp;gt; google-auth-state.util" time="0" file="src/auth/google/state/google.auth.state.test.ts" assertions="1" />
    <testcase name="should return false when revoked flag is not set" classname="isGoogleRevoked &amp;gt; google-auth-state.util" time="0" file="src/auth/google/state/google.auth.state.test.ts" assertions="1" />
    <testcase name="should return false after clearGoogleRevokedState is called" classname="isGoogleRevoked &amp;gt; google-auth-state.util" time="0" file="src/auth/google/state/google.auth.state.test.ts" assertions="1" />
  </testsuite>
  <testsuite name="src/auth/compass/state/auth.state.util.test.ts" tests="25" assertions="22" failures="21" skipped="0" time="0" hostname="Tylers-MacBook-Pro.local">
    <testcase name="should return default state when no data exists" classname="getAuthState &amp;gt; auth-state.util" time="0" file="src/auth/compass/state/auth.state.util.test.ts" assertions="1">
      <failure type="AssertionError" />
    </testcase>
    <testcase name="should return stored state from localStorage" classname="getAuthState &amp;gt; auth-state.util" time="0.000031" file="src/auth/compass/state/auth.state.util.test.ts" assertions="1">
      <failure type="AssertionError" />
    </testcase>
    <testcase name="should migrate legacy stored state from isGoogleAuthenticated" classname="getAuthState &amp;gt; auth-state.util" time="0.000023" file="src/auth/compass/state/auth.state.util.test.ts" assertions="1">
      <failure type="AssertionError" />
    </testcase>
    <testcase name="should handle invalid JSON gracefully" classname="getAuthState &amp;gt; auth-state.util" time="0.000026" file="src/auth/compass/state/auth.state.util.test.ts" assertions="1">
      <failure type="AssertionError" />
    </testcase>
    <testcase name="should handle invalid schema gracefully" classname="getAuthState &amp;gt; auth-state.util" time="0.00002" file="src/auth/compass/state/auth.state.util.test.ts" assertions="1">
      <failure type="AssertionError" />
    </testcase>
    <testcase name="should update authentication state in localStorage" classname="updateAuthState &amp;gt; auth-state.util" time="0.000048" file="src/auth/compass/state/auth.state.util.test.ts" assertions="1">
      <failure type="AssertionError" />
    </testcase>
    <testcase name="should merge partial updates into existing state" classname="updateAuthState &amp;gt; auth-state.util" time="0.000042" file="src/auth/compass/state/auth.state.util.test.ts" assertions="0">
      <failure type="AssertionError" />
    </testcase>
    <testcase name="should store the last known email" classname="updateAuthState &amp;gt; auth-state.util" time="0.000024" file="src/auth/compass/state/auth.state.util.test.ts" assertions="1">
      <failure type="AssertionError" />
    </testcase>
    <testcase name="should handle localStorage errors gracefully" classname="updateAuthState &amp;gt; auth-state.util" time="0.000019" file="src/auth/compass/state/auth.state.util.test.ts" assertions="1" />
    <testcase name="should set the authentication flag in localStorage" classname="markUserAsAuthenticated &amp;gt; auth-state.util" time="0.000035" file="src/auth/compass/state/auth.state.util.test.ts" assertions="0">
      <failure type="AssertionError" />
    </testcase>
    <testcase name="should persist the provided email" classname="markUserAsAuthenticated &amp;gt; auth-state.util" time="0.000022" file="src/auth/compass/state/auth.state.util.test.ts" assertions="1">
      <failure type="AssertionError" />
    </testcase>
    <testcase name="should preserve the existing email when no new email is provided" classname="markUserAsAuthenticated &amp;gt; auth-state.util" time="0.000021" file="src/auth/compass/state/auth.state.util.test.ts" assertions="1">
      <failure type="AssertionError" />
    </testcase>
    <testcase name="should handle localStorage errors gracefully" classname="markUserAsAuthenticated &amp;gt; auth-state.util" time="0.000019" file="src/auth/compass/state/auth.state.util.test.ts" assertions="1" />
    <testcase name="defaults the prompt flag to false for legacy state" classname="anonymous calendar sign-up prompt &amp;gt; auth-state.util" time="0.000008" file="src/auth/compass/state/auth.state.util.test.ts" assertions="1" />
    <testcase name="marks and clears the prompt flag" classname="anonymous calendar sign-up prompt &amp;gt; auth-state.util" time="0.000045" file="src/auth/compass/state/auth.state.util.test.ts" assertions="1">
      <failure type="AssertionError" />
    </testcase>
    <testcase name="notifies subscribers when auth state changes" classname="anonymous calendar sign-up prompt &amp;gt; auth-state.util" time="0.000023" file="src/auth/compass/state/auth.state.util.test.ts" assertions="1">
      <failure type="AssertionError" />
    </testcase>
    <testcase name="should return true when authentication flag is set" classname="hasUserEverAuthenticated &amp;gt; auth-state.util" time="0.000021" file="src/auth/compass/state/auth.state.util.test.ts" assertions="1">
      <failure type="AssertionError" />
    </testcase>
    <testcase name="should return false when authentication flag is not set" classname="hasUserEverAuthenticated &amp;gt; auth-state.util" time="0.00002" file="src/auth/compass/state/auth.state.util.test.ts" assertions="1">
      <failure type="AssertionError" />
    </testcase>
    <testcase name="should return false when authentication flag is set to false" classname="hasUserEverAuthenticated &amp;gt; auth-state.util" time="0.000035" file="src/auth/compass/state/auth.state.util.test.ts" assertions="1">
      <failure type="AssertionError" />
    </testcase>
    <testcase name="should handle localStorage errors gracefully and return false" classname="hasUserEverAuthenticated &amp;gt; auth-state.util" time="0.000023" file="src/auth/compass/state/auth.state.util.test.ts" assertions="1">
      <failure type="AssertionError" />
    </testcase>
    <testcase name="should clear revoked flag when re-authenticating" classname="markUserAsAuthenticated with revoked state &amp;gt; auth-state.util" time="0.000031" file="src/auth/compass/state/auth.state.util.test.ts" assertions="2">
      <failure type="AssertionError" />
    </testcase>
    <testcase name="should remove the authentication flag from localStorage" classname="clearAuthenticationState &amp;gt; auth-state.util" time="0.00005" file="src/auth/compass/state/auth.state.util.test.ts" assertions="0">
      <failure type="AssertionError" />
    </testcase>
    <testcase name="should handle localStorage errors gracefully" classname="clearAuthenticationState &amp;gt; auth-state.util" time="0.000024" file="src/auth/compass/state/auth.state.util.test.ts" assertions="1" />
    <testcase name="should support full authentication lifecycle" classname="integration tests &amp;gt; auth-state.util" time="0.000047" file="src/auth/compass/state/auth.state.util.test.ts" assertions="1">
      <failure type="AssertionError" />
    </testcase>
    <testcase name="should keep revoked state separate from localStorage auth state" classname="integration tests &amp;gt; auth-state.util" time="0.000024" file="src/auth/compass/state/auth.state.util.test.ts" assertions="0">
      <failure type="AssertionError" />
    </testcase>
  </testsuite>
  <testsuite name="src/auth/compass/schemas/auth.schemas.test.ts" tests="26" assertions="41" failures="0" skipped="0" time="0" hostname="Tylers-MacBook-Pro.local">
    <testcase name="validates a correct email" classname="emailSchema &amp;gt; auth.schemas" time="0" file="src/auth/compass/schemas/auth.schemas.test.ts" assertions="2" />
    <testcase name="transforms email to lowercase" classname="emailSchema &amp;gt; auth.schemas" time="0.000099" file="src/auth/compass/schemas/auth.schemas.test.ts" assertions="2" />
    <testcase name="trims whitespace" classname="emailSchema &amp;gt; auth.schemas" time="0" file="src/auth/compass/schemas/auth.schemas.test.ts" assertions="2" />
    <testcase name="rejects empty string" classname="emailSchema &amp;gt; auth.schemas" time="0.000063" file="src/auth/compass/schemas/auth.schemas.test.ts" assertions="2" />
    <testcase name="rejects invalid email format" classname="emailSchema &amp;gt; auth.schemas" time="0.000016" file="src/auth/compass/schemas/auth.schemas.test.ts" assertions="2" />
    <testcase name="rejects email without domain" classname="emailSchema &amp;gt; auth.schemas" time="0.000013" file="src/auth/compass/schemas/auth.schemas.test.ts" assertions="1" />
    <testcase name="validates password with 8+ characters" classname="passwordSchema &amp;gt; auth.schemas" time="0.000006" file="src/auth/compass/schemas/auth.schemas.test.ts" assertions="1" />
    <testcase name="validates password with exactly 8 characters" classname="passwordSchema &amp;gt; auth.schemas" time="0.000005" file="src/auth/compass/schemas/auth.schemas.test.ts" assertions="1" />
    <testcase name="rejects empty password" classname="passwordSchema &amp;gt; auth.schemas" time="0.00001" file="src/auth/compass/schemas/auth.schemas.test.ts" assertions="2" />
    <testcase name="rejects password shorter than 8 characters" classname="passwordSchema &amp;gt; auth.schemas" time="0" file="src/auth/compass/schemas/auth.schemas.test.ts" assertions="2" />
    <testcase name="validates a non-empty name" classname="nameSchema &amp;gt; auth.schemas" time="0.000005" file="src/auth/compass/schemas/auth.schemas.test.ts" assertions="2" />
    <testcase name="trims whitespace" classname="nameSchema &amp;gt; auth.schemas" time="0.000012" file="src/auth/compass/schemas/auth.schemas.test.ts" assertions="2" />
    <testcase name="rejects empty string" classname="nameSchema &amp;gt; auth.schemas" time="0.000005" file="src/auth/compass/schemas/auth.schemas.test.ts" assertions="2" />
    <testcase name="rejects whitespace-only string" classname="nameSchema &amp;gt; auth.schemas" time="0.000026" file="src/auth/compass/schemas/auth.schemas.test.ts" assertions="1" />
    <testcase name="validates complete sign up data" classname="signUpSchema &amp;gt; auth.schemas" time="0.00003" file="src/auth/compass/schemas/auth.schemas.test.ts" assertions="2" />
    <testcase name="transforms email and trims name" classname="signUpSchema &amp;gt; auth.schemas" time="0.000029" file="src/auth/compass/schemas/auth.schemas.test.ts" assertions="3" />
    <testcase name="rejects missing name" classname="signUpSchema &amp;gt; auth.schemas" time="0.000016" file="src/auth/compass/schemas/auth.schemas.test.ts" assertions="1" />
    <testcase name="rejects invalid email" classname="signUpSchema &amp;gt; auth.schemas" time="0.00002" file="src/auth/compass/schemas/auth.schemas.test.ts" assertions="1" />
    <testcase name="rejects short password" classname="signUpSchema &amp;gt; auth.schemas" time="0.000005" file="src/auth/compass/schemas/auth.schemas.test.ts" assertions="1" />
    <testcase name="validates complete sign in data" classname="signInSchema &amp;gt; auth.schemas" time="0.000005" file="src/auth/compass/schemas/auth.schemas.test.ts" assertions="1" />
[...]
    <testcase name="returns true when today is inside range" classname="isCurrentWeek()" time="0.000216" file="src/views/Calendar/components/Sidebar/SomedayTab/WeekSection/useWeekLabel.test.tsx" assertions="1">
      <failure type="AssertionError" />
    </testcase>
    <testcase name="returns false when today is before range" classname="isCurrentWeek()" time="0.00005" file="src/views/Calendar/components/Sidebar/SomedayTab/WeekSection/useWeekLabel.test.tsx" assertions="1" />
    <testcase name="returns false when today is after range" classname="isCurrentWeek()" time="0.000031" file="src/views/Calendar/components/Sidebar/SomedayTab/WeekSection/useWeekLabel.test.tsx" assertions="1" />
    <testcase name="handles a week spanning from December to January" classname="isCurrentWeek()" time="0.000069" file="src/views/Calendar/components/Sidebar/SomedayTab/WeekSection/useWeekLabel.test.tsx" assertions="1">
      <failure type="AssertionError" />
    </testcase>
    <testcase name="returns false when today is before a cross-year range" classname="isCurrentWeek()" time="0.000019" file="src/views/Calendar/components/Sidebar/SomedayTab/WeekSection/useWeekLabel.test.tsx" assertions="1" />
    <testcase name="returns false when today is after a cross-year range" classname="isCurrentWeek()" time="0.000026" file="src/views/Calendar/components/Sidebar/SomedayTab/WeekSection/useWeekLabel.test.tsx" assertions="1" />
    <testcase name="returns false for malformed label" classname="isCurrentWeek()" time="0.000022" file="src/views/Calendar/components/Sidebar/SomedayTab/WeekSection/useWeekLabel.test.tsx" assertions="1" />
    <testcase name="handles label with no explicit end day" classname="isCurrentWeek()" time="0.00006" file="src/views/Calendar/components/Sidebar/SomedayTab/WeekSection/useWeekLabel.test.tsx" assertions="1">
      <failure type="AssertionError" />
    </testcase>
    <testcase name="handles leap year February 29 correctly" classname="isCurrentWeek()" time="0.000026" file="src/views/Calendar/components/Sidebar/SomedayTab/WeekSection/useWeekLabel.test.tsx" assertions="1">
      <failure type="AssertionError" />
    </testcase>
    <testcase name="handles a week that crosses from one month to the next" classname="isCurrentWeek()" time="0.000075" file="src/views/Calendar/components/Sidebar/SomedayTab/WeekSection/useWeekLabel.test.tsx" assertions="1">
      <failure type="AssertionError" />
    </testcase>
    <testcase name="returns false when today is before a cross-month range" classname="isCurrentWeek()" time="0.000038" file="src/views/Calendar/components/Sidebar/SomedayTab/WeekSection/useWeekLabel.test.tsx" assertions="1" />
    <testcase name="returns false when today is after a cross-month range" classname="isCurrentWeek()" time="0.000019" file="src/views/Calendar/components/Sidebar/SomedayTab/WeekSection/useWeekLabel.test.tsx" assertions="1" />
    <testcase name="returns &quot;This Week&quot; when today is inside range" classname="getSomedayWeekLabel()" time="0.000076" file="src/views/Calendar/components/Sidebar/SomedayTab/WeekSection/useWeekLabel.test.tsx" assertions="1">
      <failure type="AssertionError" />
    </testcase>
    <testcase name="returns original label when today is before range" classname="getSomedayWeekLabel()" time="0.000017" file="src/views/Calendar/components/Sidebar/SomedayTab/WeekSection/useWeekLabel.test.tsx" assertions="1" />
    <testcase name="returns original label when today is after range" classname="getSomedayWeekLabel()" time="0.000021" file="src/views/Calendar/components/Sidebar/SomedayTab/WeekSection/useWeekLabel.test.tsx" assertions="1" />
    <testcase name="returns &quot;This Week&quot; for a cross-year week when today is inside" classname="getSomedayWeekLabel()" time="0.000064" file="src/views/Calendar/components/Sidebar/SomedayTab/WeekSection/useWeekLabel.test.tsx" assertions="1">
      <failure type="AssertionError" />
    </testcase>
    <testcase name="returns label for cross-year week when today is outside" classname="getSomedayWeekLabel()" time="0.000018" file="src/views/Calendar/components/Sidebar/SomedayTab/WeekSection/useWeekLabel.test.tsx" assertions="1" />
    <testcase name="returns &quot;This Week&quot; for cross-month range when today is inside" classname="getSomedayWeekLabel()" time="0.000072" file="src/views/Calendar/components/Sidebar/SomedayTab/WeekSection/useWeekLabel.test.tsx" assertions="1">
      <failure type="AssertionError" />
    </testcase>
    <testcase name="returns label for cross-month week when today is outside" classname="getSomedayWeekLabel()" time="0.000018" file="src/views/Calendar/components/Sidebar/SomedayTab/WeekSection/useWeekLabel.test.tsx" assertions="1" />
    <testcase name="returns &quot;This Week&quot; for leap-year week containing February 29" classname="getSomedayWeekLabel()" time="0.000071" file="src/views/Calendar/components/Sidebar/SomedayTab/WeekSection/useWeekLabel.test.tsx" assertions="1">
      <failure type="AssertionError" />
    </testcase>
    <testcase name="returns label when today is outside the leap-year week" classname="getSomedayWeekLabel()" time="0.00002" file="src/views/Calendar/components/Sidebar/SomedayTab/WeekSection/useWeekLabel.test.tsx" assertions="1" />
  </testsuite>
  <testsuite name="src/views/Calendar/components/Sidebar/MonthTab/SubCalendarList/SubCalendarList.test.tsx" tests="3" assertions="0" failures="3" skipped="0" time="0" hostname="Tylers-MacBook-Pro.local">
    <testcase name="renders the signed in email without the temporary account tooltip" classname="SubCalendarList" time="0.000309" file="src/views/Calendar/components/Sidebar/MonthTab/SubCalendarList/SubCalendarList.test.tsx" assertions="0">
      <failure type="AssertionError" />
    </testcase>
    <testcase name="renders temporary account with a hover tooltip when there is no email" classname="SubCalendarList" time="0.000543" file="src/views/Calendar/components/Sidebar/MonthTab/SubCalendarList/SubCalendarList.test.tsx" assertions="0">
      <failure type="AssertionError" />
    </testcase>
    <testcase name="opens the sign up auth modal when the temporary account icon is clicked" classname="SubCalendarList" time="0.000476" file="src/views/Calendar/components/Sidebar/MonthTab/SubCalendarList/SubCalendarList.test.tsx" assertions="0">
      <failure type="AssertionError" />
    </testcase>
  </testsuite>
  <testsuite name="src/views/Calendar/components/Draft/hooks/actions/submit.parser.test.ts" tests="23" assertions="37" failures="0" skipped="0" time="0" hostname="Tylers-MacBook-Pro.local">
    <testcase name="should initialize with a grid event" classname="constructor &amp;gt; OnSubmitParser &amp;gt; submit.parser" time="0" file="src/views/Calendar/components/Draft/hooks/actions/submit.parser.test.ts" assertions="1" />
    <testcase name="should parse a grid event correctly" classname="parse &amp;gt; OnSubmitParser &amp;gt; submit.parser" time="0.000024" file="src/views/Calendar/components/Draft/hooks/actions/submit.parser.test.ts" assertions="4" />
    <testcase name="should parse a someday event correctly" classname="parse &amp;gt; OnSubmitParser &amp;gt; submit.parser" time="0.00002" file="src/views/Calendar/components/Draft/hooks/actions/submit.parser.test.ts" assertions="4" />
    <testcase name="should parse a someday event with all required fields" classname="parseSomedayEventBeforeSubmit &amp;gt; submit.parser" time="0.00002" file="src/views/Calendar/components/Draft/hooks/actions/submit.parser.test.ts" assertions="6" />
    <testcase name="should use UNASSIGNED priority when priority is not provided" classname="parseSomedayEventBeforeSubmit &amp;gt; submit.parser" time="0.000012" file="src/views/Calendar/components/Draft/hooks/actions/submit.parser.test.ts" assertions="1" />
    <testcase name="should include recurrence when present" classname="parseSomedayEventBeforeSubmit &amp;gt; submit.parser" time="0.000018" file="src/views/Calendar/components/Draft/hooks/actions/submit.parser.test.ts" assertions="1" />
    <testcase name="should not include recurrence when not present" classname="parseSomedayEventBeforeSubmit &amp;gt; submit.parser" time="0.000006" file="src/views/Calendar/components/Draft/hooks/actions/submit.parser.test.ts" assertions="1" />
    <testcase name="should handle null recurrence" classname="parseSomedayEventBeforeSubmit &amp;gt; submit.parser" time="0.000019" file="src/views/Calendar/components/Draft/hooks/actions/submit.parser.test.ts" assertions="1" />
    <testcase name="should prepare a grid event with all required fields" classname="prepEventBeforeSubmit &amp;gt; submit.parser" time="0.000019" file="src/views/Calendar/components/Draft/hooks/actions/submit.parser.test.ts" assertions="4" />
    <testcase name="should use COMPASS origin when origin is not provided" classname="prepEventBeforeSubmit &amp;gt; submit.parser" time="0.000008" file="src/views/Calendar/components/Draft/hooks/actions/submit.parser.test.ts" assertions="1" />
    <testcase name="should include recurrence when present" classname="prepEventBeforeSubmit &amp;gt; submit.parser" time="0.000017" file="src/views/Calendar/components/Draft/hooks/actions/submit.parser.test.ts" assertions="1" />
    <testcase name="should not include recurrence when not present" classname="prepEventBeforeSubmit &amp;gt; submit.parser" time="0.000019" file="src/views/Calendar/components/Draft/hooks/actions/submit.parser.test.ts" assertions="1" />
    <testcase name="should handle null recurrence" classname="prepEventBeforeSubmit &amp;gt; submit.parser" time="0.000005" file="src/views/Calendar/components/Draft/hooks/actions/submit.parser.test.ts" assertions="1" />
    <testcase name="should assemble grid event when position is missing" classname="prepEventBeforeSubmit &amp;gt; submit.parser" time="0.00002" file="src/views/Calendar/components/Draft/hooks/actions/submit.parser.test.ts" assertions="1" />
    <testcase name="should not assemble grid event when position is present" classname="prepEventBeforeSubmit &amp;gt; submit.parser" time="0.000018" file="src/views/Calendar/components/Draft/hooks/actions/submit.parser.test.ts" assertions="1" />
    <testcase name="should handle all-day events without position" classname="prepEventBeforeSubmit &amp;gt; submit.parser" time="0.000018" file="src/views/Calendar/components/Draft/hooks/actions/submit.parser.test.ts" assertions="1" />
    <testcase name="should handle someday event with missing _id" classname="edge cases &amp;gt; submit.parser" time="0.000005" file="src/views/Calendar/components/Draft/hooks/actions/submit.parser.test.ts" assertions="1" />
    <testcase name="should handle someday event with missing startDate" classname="edge cases &amp;gt; submit.parser" time="0.000008" file="src/views/Calendar/components/Draft/hooks/actions/submit.parser.test.ts" assertions="1" />
    <testcase name="should handle someday event with missing endDate" classname="edge cases &amp;gt; submit.parser" time="0.000006" file="src/views/Calendar/components/Draft/hooks/actions/submit.parser.test.ts" assertions="1" />
    <testcase name="should handle grid event with missing _id" classname="edge cases &amp;gt; submit.parser" time="0.000007" file="src/views/Calendar/components/Draft/hooks/actions/submit.parser.test.ts" assertions="1" />
    <testcase name="should handle grid event with missing startDate" classname="edge cases &amp;gt; submit.parser" time="0.000006" file="src/views/Calendar/components/Draft/hooks/actions/submit.parser.test.ts" assertions="1" />
    <testcase name="should handle grid event with missing endDate" classname="edge cases &amp;gt; submit.parser" time="0.000014" file="src/views/Calendar/components/Draft/hooks/actions/submit.parser.test.ts" assertions="1" />
    <testcase name="should handle grid event with missing user" classname="edge cases &amp;gt; submit.parser" time="0.000006" file="src/views/Calendar/components/Draft/hooks/actions/submit.parser.test.ts" assertions="1" />
  </testsuite>
  <testsuite name="src/views/Calendar/components/Event/Grid/GridEventPreview/snap.grid.test.ts" tests="10" assertions="17" failures="0" skipped="0" time="0" hostname="Tylers-MacBook-Pro.local">
    <testcase name="Returns the cursor position if measurements are not available" classname="Edge Cases &amp;gt; snapToGrid" time="0.000034" file="src/views/Calendar/components/Event/Grid/GridEventPreview/snap.grid.test.ts" assertions="1" />
    <testcase name="Returns the cursor position if cursor is not within the grid" classname="Edge Cases &amp;gt; snapToGrid" time="0.000021" file="src/views/Calendar/components/Event/Grid/GridEventPreview/snap.grid.test.ts" assertions="1" />
    <testcase name="Snaps X to correct day column" classname="Horizontal Snap &amp;gt; snapToGrid" time="0.00002" file="src/views/Calendar/components/Event/Grid/GridEventPreview/snap.grid.test.ts" assertions="2" />
    <testcase name="Snaps X to correct day column when scrolled" classname="Horizontal Snap &amp;gt; snapToGrid" time="0.000022" file="src/views/Calendar/components/Event/Grid/GridEventPreview/snap.grid.test.ts" assertions="2" />
    <testcase name="Correctly updates X to next day column when cursor is moved to the next column" classname="Horizontal Snap &amp;gt; snapToGrid" time="0.000017" file="src/views/Calendar/components/Event/Grid/GridEventPreview/snap.grid.test.ts" assertions="2" />
    <testcase name="Correctly updates X to prev day column when cursor is moved to the prev column" classname="Horizontal Snap &amp;gt; snapToGrid" time="0.000018" file="src/views/Calendar/components/Event/Grid/GridEventPreview/snap.grid.test.ts" assertions="2" />
    <testcase name="Snaps Y to correct time interval" classname="Vertical Snap &amp;gt; snapToGrid" time="0.000019" file="src/views/Calendar/components/Event/Grid/GridEventPreview/snap.grid.test.ts" assertions="2" />
    <testcase name="Snaps Y to correct time interval when scrolled" classname="Vertical Snap &amp;gt; snapToGrid" time="0.000019" file="src/views/Calendar/components/Event/Grid/GridEventPreview/snap.grid.test.ts" assertions="1" />
    <testcase name="Correctly updates Y to next time interval when cursor is moved to the next interval" classname="Vertical Snap &amp;gt; snapToGrid" time="0.000019" file="src/views/Calendar/components/Event/Grid/GridEventPreview/snap.grid.test.ts" assertions="2" />
    <testcase name="Correctly updates Y to prev time interval when cursor is moved to the prev interval" classname="Vertical Snap &amp;gt; snapToGrid" time="0.000027" file="src/views/Calendar/components/Event/Grid/GridEventPreview/snap.grid.test.ts" assertions="2" />
  </testsuite>
  <testsuite name="src/views/Forms/EventForm/DateControlsSection/RecurrenceSection/useRecurrence/useRecurrence.test.ts" tests="7" assertions="0" failures="7" skipped="0" time="0" hostname="Tylers-MacBook-Pro.local">
    <testcase name="initializes with no recurrence" classname="useRecurrence hook" time="0.000394" file="src/views/Forms/EventForm/DateControlsSection/RecurrenceSection/useRecurrence/useRecurrence.test.ts" assertions="0">
      <failure type="AssertionError" />
    </testcase>
    <testcase name="can toggle recurrence" classname="useRecurrence hook" time="0.000111" file="src/views/Forms/EventForm/DateControlsSection/RecurrenceSection/useRecurrence/useRecurrence.test.ts" assertions="0">
      <failure type="AssertionError" />
    </testcase>
    <testcase name="can set interval" classname="useRecurrence hook" time="0.00009" file="src/views/Forms/EventForm/DateControlsSection/RecurrenceSection/useRecurrence/useRecurrence.test.ts" assertions="0">
      <failure type="AssertionError" />
    </testcase>
    <testcase name="can set frequency" classname="useRecurrence hook" time="0.000083" file="src/views/Forms/EventForm/DateControlsSection/RecurrenceSection/useRecurrence/useRecurrence.test.ts" assertions="0">
      <failure type="AssertionError" />
    </testcase>
    <testcase name="can set weekDays" classname="useRecurrence hook" time="0.000089" file="src/views/Forms/EventForm/DateControlsSection/RecurrenceSection/useRecurrence/useRecurrence.test.ts" assertions="0">
      <failure type="AssertionError" />
    </testcase>
    <testcase name="can set until date" classname="useRecurrence hook" time="0.000087" file="src/views/Forms/EventForm/DateControlsSection/RecurrenceSection/useRecurrence/useRecurrence.test.ts" assertions="0">
      <failure type="AssertionError" />
    </testcase>
    <testcase name="initializes with recurrence" classname="useRecurrence hook" time="0.000084" file="src/views/Forms/EventForm/DateControlsSection/RecurrenceSection/useRecurrence/useRecurrence.test.ts" assertions="0">
      <failure type="AssertionError" />
    </testcase>
  </testsuite>
  <testsuite name="src/views/Forms/EventForm/DateControlsSection/RecurrenceSection/util/recurrence.util.test.ts" tests="6" assertions="6" failures="0" skipped="0" time="0" hostname="Tylers-MacBook-Pro.local">
    <testcase name="should convert all weekdays to their corresponding RRule values" classname="toWeekDays &amp;gt; recurrence.util" time="0" file="src/views/Forms/EventForm/DateControlsSection/RecurrenceSection/util/recurrence.util.test.ts" assertions="1" />
    <testcase name="should convert a single weekday" classname="toWeekDays &amp;gt; recurrence.util" time="0.000006" file="src/views/Forms/EventForm/DateControlsSection/RecurrenceSection/util/recurrence.util.test.ts" assertions="1" />
    <testcase name="should convert multiple weekdays" classname="toWeekDays &amp;gt; recurrence.util" time="0.000016" file="src/views/Forms/EventForm/DateControlsSection/RecurrenceSection/util/recurrence.util.test.ts" assertions="1" />
    <testcase name="should handle empty array" classname="toWeekDays &amp;gt; recurrence.util" time="0.000005" file="src/views/Forms/EventForm/DateControlsSection/RecurrenceSection/util/recurrence.util.test.ts" assertions="1" />
    <testcase name="should preserve order of input weekdays" classname="toWeekDays &amp;gt; recurrence.util" time="0.000005" file="src/views/Forms/EventForm/DateControlsSection/RecurrenceSection/util/recurrence.util.test.ts" assertions="1" />
    <testcase name="should handle duplicate weekdays" classname="toWeekDays &amp;gt; recurrence.util" time="0.000007" file="src/views/Forms/EventForm/DateControlsSection/RecurrenceSection/util/recurrence.util.test.ts" assertions="1" />
  </testsuite>
  <testsuite name="src/views/Forms/EventForm/DateControlsSection/RecurrenceSection/constants/recurrence.constants.test.ts" tests="3" assertions="7" failures="0" skipped="0" time="0" hostname="Tylers-MacBook-Pro.local">
    <testcase name="FREQUENCY_MAP returns correct labels" classname="RecurrenceSection utils" time="0" file="src/views/Forms/EventForm/DateControlsSection/RecurrenceSection/constants/recurrence.constants.test.ts" assertions="4" />
    <testcase name="FREQUENCY_OPTIONS returns correct options" classname="RecurrenceSection utils" time="0.000023" file="src/views/Forms/EventForm/DateControlsSection/RecurrenceSection/constants/recurrence.constants.test.ts" assertions="1" />
    <testcase name="WEEKDAYS contains all days" classname="RecurrenceSection utils" time="0.000006" file="src/views/Forms/EventForm/DateControlsSection/RecurrenceSection/constants/recurrence.constants.test.ts" assertions="2" />
  </testsuite>
  <testsuite name="src/views/Forms/EventForm/DateControlsSection/RecurrenceSection/constants/__tests__/recurrence.constants.test.ts" tests="1" assertions="1" failures="0" skipped="0" time="0" hostname="Tylers-MacBook-Pro.local">
    <testcase name="orders frequency options from day to year" classname="recurrence.constants" time="0" file="src/views/Forms/EventForm/DateControlsSection/RecurrenceSection/constants/__tests__/recurrence.constants.test.ts" assertions="1" />
  </testsuite>
</testsuites>
